Analysis initiated from SIMULIA established products
Abaqus JOB RC5kgCWP
Abaqus 2021
Abaqus License Manager checked out the following licenses:
Abaqus/Explicit checked out 8 tokens from Flexnet server localhost.
<9991 out of 9999 licenses remain available>.
Begin Analysis Input File Processor
10/30/2021 3:37:08 PM
Run pre.exe
10/30/2021 3:37:12 PM
End Analysis Input File Processor
Begin Abaqus/Explicit Packager
10/30/2021 3:37:12 PM
Run package.exe
10/30/2021 3:37:15 PM
End Abaqus/Explicit Packager
Begin Abaqus/Explicit Analysis
10/30/2021 3:37:15 PM
Run explicit.exe

job aborted:
[ranks] message

[0] application aborted
aborting MPI_COMM_WORLD (comm=0x44000000), error 1, comm rank 0

[1-3] terminated

---- error analysis -----

[0] on NOMAD-NB
C:\Users\mohab\AppData\Local\Temp\mohab_RC5kgCWP_15004\tmpozwaii.bat aborted the job. abort code 1

---- error analysis -----
10/30/2021 3:37:20 PM
NOTE: A separate message file has been written per processor.
Abaqus Error: Abaqus/Explicit Analysis exited with an error - Please see the 
status file for possible error messages if the file exists.
Abaqus/Analysis exited with errors
